Release 14.7 - ngc2edif P.20131013 (nt64)
Copyright (c) 1995-2013 Xilinx, Inc.  All rights reserved.
Reading design SIO.ngc ...
WARNING:NetListWriters:298 - No output is written to SIO.xncf, ignored.
Processing design ...
   Preping design's networks ...
   Preping design's macros ...
  finished :Prep
Writing EDIF netlist file SIO.edif ...
ngc2edif: Total memory usage is 81456 kilobytes

Release 14.7 - ngc2edif P.20131013 (nt64)
Copyright (c) 1995-2013 Xilinx, Inc.  All rights reserved.
Reading design SIO.ngc ...
WARNING:NetListWriters:298 - No output is written to SIO.xncf, ignored.
Processing design ...
   Preping design's networks ...
   Preping design's macros ...
  finished :Prep
Writing EDIF netlist file SIO.edif ...
ngc2edif: Total memory usage is 81520 kilobytes

Release 14.7 - ngc2edif P.20131013 (nt64)
Copyright (c) 1995-2013 Xilinx, Inc.  All rights reserved.
Reading design SIO.ngc ...
WARNING:NetListWriters:298 - No output is written to SIO.xncf, ignored.
Processing design ...
   Preping design's networks ...
   Preping design's macros ...
  finished :Prep
Writing EDIF netlist file SIO.edif ...
ngc2edif: Total memory usage is 81968 kilobytes

Release 14.7 - ngc2edif P.20131013 (nt64)
Copyright (c) 1995-2013 Xilinx, Inc.  All rights reserved.
Reading design SIO.ngc ...
WARNING:NetListWriters:298 - No output is written to SIO.xncf, ignored.
Processing design ...
   Preping design's networks ...
   Preping design's macros ...
  finished :Prep
Writing EDIF netlist file SIO.edif ...
ngc2edif: Total memory usage is 81136 kilobytes

Release 14.7 - ngc2edif P.20131013 (nt64)
Copyright (c) 1995-2013 Xilinx, Inc.  All rights reserved.
Reading design SIO.ngc ...
WARNING:NetListWriters:298 - No output is written to SIO.xncf, ignored.
Processing design ...
   Preping design's networks ...
   Preping design's macros ...
  finished :Prep
Writing EDIF netlist file SIO.edif ...
ngc2edif: Total memory usage is 81072 kilobytes

