--------------------------------------------------------------------------------
Release 14.7 Trace  (nt64)
Copyright (c) 1995-2013 Xilinx, Inc.  All rights reserved.

C:\Xilinx\14.7\ISE_DS\ISE\bin\nt64\unwrapped\trce.exe -intstyle ise -v 3 -s 5
-n 3 -fastpaths -xml SIO.twx SIO.ncd -o SIO.twr SIO.pcf -ucf SIO.ucf

Design file:              SIO.ncd
Physical constraint file: SIO.pcf
Device,package,speed:     xc3s100e,cp132,-5 (PRODUCTION 1.27 2013-10-13)
Report level:             verbose report

Environment Variable      Effect 
--------------------      ------ 
NONE                      No environment variables were set
--------------------------------------------------------------------------------

INFO:Timing:2698 - No timing constraints found, doing default enumeration.
INFO:Timing:3412 - To improve timing, see the Timing Closure User Guide (UG612).
INFO:Timing:2752 - To get complete path coverage, use the unconstrained paths 
   option. All paths that are not constrained will be reported in the 
   unconstrained paths section(s) of the report.
INFO:Timing:3339 - The clock-to-out numbers in this timing report are based on 
   a 50 Ohm transmission line loading model.  For the details of this model, 
   and for more information on accounting for different loading conditions, 
   please see the device datasheet.
INFO:Timing:3390 - This architecture does not support a default System Jitter 
   value, please add SYSTEM_JITTER constraint to the UCF to modify the Clock 
   Uncertainty calculation.
INFO:Timing:3389 - This architecture does not support 'Discrete Jitter' and 
   'Phase Error' calculations, these terms will be zero in the Clock 
   Uncertainty calculation.  Please make appropriate modification to 
   SYSTEM_JITTER to account for the unsupported Discrete Jitter and Phase 
   Error.



Data Sheet report:
-----------------
All values displayed in nanoseconds (ns)

Setup/Hold to clock CLK
------------+------------+------------+------------------+--------+
            |Max Setup to|Max Hold to |                  | Clock  |
Source      | clk (edge) | clk (edge) |Internal Clock(s) | Phase  |
------------+------------+------------+------------------+--------+
RX          |    1.155(R)|    1.301(R)|CLK_BUFGP         |   0.000|
SW          |    0.973(R)|    0.318(R)|CLK_BUFGP         |   0.000|
------------+------------+------------+------------------+--------+

Clock CLK to Pad
--------------+------------+------------------+--------+
              | clk (edge) |                  | Clock  |
Destination   |   to PAD   |Internal Clock(s) | Phase  |
--------------+------------+------------------+--------+
DIR1          |    7.836(R)|CLK_BUFGP         |   0.000|
DIR2          |    7.511(R)|CLK_BUFGP         |   0.000|
PWM1          |    7.451(R)|CLK_BUFGP         |   0.000|
PWM2          |    7.397(R)|CLK_BUFGP         |   0.000|
TX            |    5.760(R)|CLK_BUFGP         |   0.000|
rx_data_reg<0>|    7.705(R)|CLK_BUFGP         |   0.000|
rx_data_reg<1>|    7.440(R)|CLK_BUFGP         |   0.000|
rx_data_reg<2>|    7.684(R)|CLK_BUFGP         |   0.000|
rx_data_reg<3>|    7.392(R)|CLK_BUFGP         |   0.000|
rx_data_reg<4>|    7.486(R)|CLK_BUFGP         |   0.000|
rx_data_reg<5>|    7.463(R)|CLK_BUFGP         |   0.000|
rx_data_reg<6>|    7.753(R)|CLK_BUFGP         |   0.000|
rx_data_reg<7>|    7.625(R)|CLK_BUFGP         |   0.000|
--------------+------------+------------------+--------+

Clock to Setup on destination clock CLK
---------------+---------+---------+---------+---------+
               | Src:Rise| Src:Fall| Src:Rise| Src:Fall|
Source Clock   |Dest:Rise|Dest:Rise|Dest:Fall|Dest:Fall|
---------------+---------+---------+---------+---------+
CLK            |    8.301|         |         |         |
---------------+---------+---------+---------+---------+


Analysis completed THU 22 JAN 14:48:22 2015 
--------------------------------------------------------------------------------

Trace Settings:
-------------------------
Trace Settings 

Peak Memory Usage: 154 MB



