#-----------------------------------------------------------
# PlanAhead v14.7 (64-bit)
# Build 321239 by xbuild on Fri Sep 27 19:29:51 MDT 2013
# Start of session at: Thu Dec 18 15:08:04 2014
# Process ID: 6404
# Log file: C:/ISE_Project_File/Serial_PWM_1.1/planAhead_run_3/planAhead.log
# Journal file: C:/ISE_Project_File/Serial_PWM_1.1/planAhead_run_3/planAhead.jou
#-----------------------------------------------------------
INFO: [Common 17-78] Attempting to get a license: PlanAhead
INFO: [Common 17-290] Got license for PlanAhead
INFO: [Device 21-36] Loading parts and site information from C:/Xilinx/14.7/ISE_DS/PlanAhead/data/parts/arch.xml
Parsing RTL primitives file [C:/Xilinx/14.7/ISE_DS/PlanAhead/data/parts/xilinx/rtl/prims/rtl_prims.xml]
Finished parsing RTL primitives file [C:/Xilinx/14.7/ISE_DS/PlanAhead/data/parts/xilinx/rtl/prims/rtl_prims.xml]
start_gui
source C:/ISE_Project_File/Serial_PWM_1.1/pa.fromNetlist.tcl
# create_project -name Serial_RT -dir "C:/ISE_Project_File/Serial_PWM_1.1/planAhead_run_3" -part xc3s100ecp132-5
create_project: Time (s): elapsed = 00:00:06 . Memory (MB): peak = 451.848 ; gain = 69.250
# set_property design_mode GateLvl [get_property srcset [current_run -impl]]
# set_property edif_top_file "C:/ISE_Project_File/Serial_PWM_1.1/SIO.ngc" [ get_property srcset [ current_run ] ]
# add_files -norecurse { {C:/ISE_Project_File/Serial_PWM_1.1} }
# set_param project.pinAheadLayout  yes
# set_property target_constrs_file "SIO.ucf" [current_fileset -constrset]
Adding file 'C:/ISE_Project_File/Serial_PWM_1.1/SIO.ucf' to fileset 'constrs_1'
# add_files [list {SIO.ucf}] -fileset [get_property constrset [current_run]]
# link_design
Design is defaulting to srcset: sources_1
Design is defaulting to constrset: constrs_1
Design is defaulting to project part: xc3s100ecp132-5
Release 14.7 - ngc2edif P.20131013 (nt64)
Copyright (c) 1995-2013 Xilinx, Inc.  All rights reserved.
Reading design SIO.ngc ...
WARNING:NetListWriters:298 - No output is written to SIO.xncf, ignored.
Processing design ...
   Preping design's networks ...
   Preping design's macros ...
  finished :Prep
Writing EDIF netlist file SIO.edif ...
ngc2edif: Total memory usage is 81968 kilobytes

Parsing EDIF File [./planAhead_run_3/Serial_RT.data/cache/SIO_ngc_zx.edif]
Finished Parsing EDIF File [./planAhead_run_3/Serial_RT.data/cache/SIO_ngc_zx.edif]
INFO: [Designutils 20-910] Reading macro library C:/Xilinx/14.7/ISE_DS/PlanAhead/data\./parts/xilinx/spartan3e/spartan3e/hd_int_macros.edn
Parsing EDIF File [C:/Xilinx/14.7/ISE_DS/PlanAhead/data\./parts/xilinx/spartan3e/spartan3e/hd_int_macros.edn]
Finished Parsing EDIF File [C:/Xilinx/14.7/ISE_DS/PlanAhead/data\./parts/xilinx/spartan3e/spartan3e/hd_int_macros.edn]
Loading clock regions from C:/Xilinx/14.7/ISE_DS/PlanAhead/data\parts/xilinx/spartan3e/spartan3e/xc3s100e/ClockRegion.xml
Loading clock buffers from C:/Xilinx/14.7/ISE_DS/PlanAhead/data\parts/xilinx/spartan3e/spartan3e/xc3s100e/ClockBuffers.xml
Loading package from C:/Xilinx/14.7/ISE_DS/PlanAhead/data\parts/xilinx/spartan3e/spartan3e/xc3s100e/cp132/Package.xml
Loading io standards from C:/Xilinx/14.7/ISE_DS/PlanAhead/data\./parts/xilinx/spartan3e/IOStandards.xml
INFO: [Device 21-19] Loading pkg sso from C:/Xilinx/14.7/ISE_DS/PlanAhead/data\parts/xilinx/spartan3e/spartan3e/xc3s100e/cp132/SSORules.xml
Loading list of drcs for the architecture : C:/Xilinx/14.7/ISE_DS/PlanAhead/data\./parts/xilinx/spartan3e/spartan3e/drc.xml
INFO: [Timing 38-77] Reading timing library C:/Xilinx/14.7/ISE_DS/PlanAhead/data\parts/xilinx/spartan3e/spartan3e/spartan3e-5.lib.
INFO: [Timing 38-34] Done reading timing library C:/Xilinx/14.7/ISE_DS/PlanAhead/data\parts/xilinx/spartan3e/spartan3e/spartan3e-5.lib.
Parsing UCF File [C:/ISE_Project_File/Serial_PWM_1.1/SIO.ucf]
Finished Parsing UCF File [C:/ISE_Project_File/Serial_PWM_1.1/SIO.ucf]
INFO: [Project 1-111] Unisim Transformation Summary:
No Unisim elements were transformed.

Phase 0 | Netlist Checksum: 05cc00e8
link_design: Time (s): elapsed = 00:00:15 . Memory (MB): peak = 566.637 ; gain = 111.711
startgroup
set_property package_pin B9 [get_ports PWM]
endgroup
save_constraints
exit
ERROR: [PlanAhead 12-106] *** Exception: ui.h.b: Found deleted key in HTclEventBroker. Verify if the classes listed here call cleanup()
HTclEvent: SIGNAL_BUS_MODIFY   Classes: ui.views.aR 
HTclEvent: DEBUG_PORT_CONFIG_CHANGE   Classes: ui.views.aR 
HTclEvent: SIGNAL_MODIFY   Classes: ui.views.aR 
HTclEvent: DEBUG_CORE_CONFIG_CHANGE   Classes: ui.views.aR 
 (See C:/ISE_Project_File/Serial_PWM_1.1\planAhead_pid6404.debug)
ERROR: [Common 17-39] 'stop_gui' failed due to earlier errors.
INFO: [Common 17-206] Exiting PlanAhead at Thu Dec 18 15:09:48 2014...
INFO: [Common 17-83] Releasing license: PlanAhead
